[{"line":1,"elements":[{"start_timestamp":"2022-01-31T00:38:20.917Z","before":[{"result":{"duration":1966493500,"status":"passed"},"match":{"location":"stepdefs.LoginSteps.setup()"}}],"line":4,"name":"check login is unsuccessful using an invalid email","description":"","id":"evernote-app-login-functionality;check-login-is-unsuccessful-using-an-invalid-email","type":"scenario","keyword":"Scenario","steps":[{"result":{"duration":3308594500,"status":"passed"},"line":5,"name":"the user is on the login page","match":{"location":"stepdefs.LoginSteps.user_is_on_login_page()"},"keyword":"Given "},{"result":{"duration":95306800,"status":"passed"},"line":6,"name":"a user enters the invalid email address","match":{"location":"stepdefs.LoginSteps.a_user_enters_the_invalid_email_address()"},"keyword":"When "},{"result":{"duration":85996500,"status":"passed"},"line":7,"name":"user click the continue button","match":{"location":"stepdefs.LoginSteps.user_click_the_continue_button()"},"keyword":"And "},{"result":{"duration":5812668200,"status":"passed"},"line":8,"name":"the user should get the notification that the email address is invalid","match":{"location":"stepdefs.LoginSteps.the_user_should_get_the_notification_that_the_email_address_is_invalid()"},"keyword":"Then "}],"tags":[{"name":"@unsuccessful"}]},{"start_timestamp":"2022-01-31T00:38:32.289Z","before":[{"result":{"duration":1164126500,"status":"passed"},"match":{"location":"stepdefs.LoginSteps.setup()"}}],"line":11,"name":"Check login is successful with valid credentials","description":"","id":"evernote-app-login-functionality;check-login-is-successful-with-valid-credentials","type":"scenario","keyword":"Scenario","steps":[{"result":{"duration":6517380300,"status":"passed"},"line":12,"name":"the user is on the login page","match":{"location":"stepdefs.LoginSteps.user_is_on_login_page()"},"keyword":"Given "},{"result":{"duration":583587900,"status":"passed"},"line":13,"name":"a user enters username and password","match":{"location":"stepdefs.LoginSteps.a_user_enters_username_and_password()"},"keyword":"When "},{"result":{"duration":6903769400,"status":"passed"},"line":14,"name":"clicks on the login button","match":{"location":"stepdefs.LoginSteps.clicks_on_the_login_button()"},"keyword":"And "},{"result":{"error_message":"org.openqa.selenium.NoSuchElementException: no such element: Unable to locate element: {\"method\":\"xpath\",\"selector\":\"//*[@id='qa-HOME_NOTE_WIDGET_CREATE_NOTE']/p\"}\n  (Session info: chrome=97.0.4692.99)\nFor documentation on this error, please visit: https://selenium.dev/exceptions/#no_such_element\nBuild info: version: '4.0.0', revision: '3a21814679'\nSystem info: host: 'DESKTOP-IUB4VKC', ip: '192.168.10.125', os.name: 'Windows 10', os.arch: 'amd64', os.version: '10.0', java.version: '15.0.1'\nDriver info: org.openqa.selenium.chrome.ChromeDriver\nCommand: [4f6f9550201f4722e3b406ad6288e31f, findElement {using=xpath, value=//*[@id='qa-HOME_NOTE_WIDGET_CREATE_NOTE']/p}]\nCapabilities {acceptInsecureCerts: false, browserName: chrome, browserVersion: 97.0.4692.99, chrome: {chromedriverVersion: 97.0.4692.71 (adefa7837d02a..., userDataDir: C:\\Users\\PrathushaP\\AppData...}, goog:chromeOptions: {debuggerAddress: localhost:50636}, javascriptEnabled: true, networkConnectionEnabled: false, pageLoadStrategy: normal, platform: WINDOWS, platformName: WINDOWS, proxy: Proxy(), se:cdp: ws://localhost:50636/devtoo..., se:cdpVersion: 97.0.4692.99, setWindowRect: true, strictFileInteractability: false, timeouts: {implicit: 0, pageLoad: 300000, script: 30000}, unhandledPromptBehavior: dismiss and notify, webauthn:extension:credBlob: true, webauthn:extension:largeBlob: true, webauthn:virtualAuthenticators: true}\nSession ID: 4f6f9550201f4722e3b406ad6288e31f\r\n\tat java.base/jdk.internal.reflect.NativeConstructorAccessorImpl.newInstance0(Native Method)\r\n\tat java.base/jdk.internal.reflect.NativeConstructorAccessorImpl.newInstance(NativeConstructorAccessorImpl.java:64)\r\n\tat java.base/jdk.internal.reflect.DelegatingConstructorAccessorImpl.newInstance(DelegatingConstructorAccessorImpl.java:45)\r\n\tat java.base/java.lang.reflect.Constructor.newInstanceWithCaller(Constructor.java:500)\r\n\tat java.base/java.lang.reflect.Constructor.newInstance(Constructor.java:481)\r\n\tat org.openqa.selenium.remote.codec.w3c.W3CHttpResponseCodec.createException(W3CHttpResponseCodec.java:200)\r\n\tat org.openqa.selenium.remote.codec.w3c.W3CHttpResponseCodec.decode(W3CHttpResponseCodec.java:133)\r\n\tat org.openqa.selenium.remote.codec.w3c.W3CHttpResponseCodec.decode(W3CHttpResponseCodec.java:53)\r\n\tat org.openqa.selenium.remote.HttpCommandExecutor.execute(HttpCommandExecutor.java:184)\r\n\tat org.openqa.selenium.remote.service.DriverCommandExecutor.invokeExecute(DriverCommandExecutor.java:164)\r\n\tat org.openqa.selenium.remote.service.DriverCommandExecutor.execute(DriverCommandExecutor.java:139)\r\n\tat org.openqa.selenium.remote.RemoteWebDriver.execute(RemoteWebDriver.java:559)\r\n\tat org.openqa.selenium.remote.ElementLocation$ElementFinder$2.findElement(ElementLocation.java:162)\r\n\tat org.openqa.selenium.remote.ElementLocation.findElement(ElementLocation.java:60)\r\n\tat org.openqa.selenium.remote.RemoteWebDriver.findElement(RemoteWebDriver.java:383)\r\n\tat org.openqa.selenium.remote.RemoteWebDriver.findElement(RemoteWebDriver.java:375)\r\n\tat org.openqa.selenium.support.pagefactory.DefaultElementLocator.findElement(DefaultElementLocator.java:70)\r\n\tat org.openqa.selenium.support.pagefactory.internal.LocatingElementHandler.invoke(LocatingElementHandler.java:39)\r\n\tat com.sun.proxy.$Proxy23.isDisplayed(Unknown Source)\r\n\tat pagefactory.HomePage.verifyLoginIsSuccessful(HomePage.java:103)\r\n\tat stepdefs.LoginSteps.verify_login_must_be_successful(LoginSteps.java:73)\r\n\tat ✽.verify login must be successful(file:///C:/Users/PrathushaP/eclipse-workspace/Evernote-test/src/test/resources/Features/Evernote.feature:15)\r\n","duration":10031273400,"status":"failed"},"line":15,"name":"verify login must be successful","match":{"location":"stepdefs.LoginSteps.verify_login_must_be_successful()"},"keyword":"Then "}],"tags":[{"name":"@successful"}]},{"start_timestamp":"2022-01-31T00:38:57.508Z","before":[{"result":{"duration":1164084000,"status":"passed"},"match":{"location":"stepdefs.LoginSteps.setup()"}}],"line":18,"name":"login and create a note followed by a logout","description":"","id":"evernote-app-login-functionality;login-and-create-a-note-followed-by-a-logout","type":"scenario","keyword":"Scenario","steps":[{"result":{"duration":6648777100,"status":"passed"},"line":19,"name":"the user is on the login page","match":{"location":"stepdefs.LoginSteps.user_is_on_login_page()"},"keyword":"Given "},{"result":{"duration":481790800,"status":"passed"},"line":20,"name":"a user enters username and password","match":{"location":"stepdefs.LoginSteps.a_user_enters_username_and_password()"},"keyword":"When "},{"result":{"duration":3063433900,"status":"passed"},"line":21,"name":"clicks on the login button","match":{"location":"stepdefs.LoginSteps.clicks_on_the_login_button()"},"keyword":"And "},{"result":{"error_message":"org.openqa.selenium.NoSuchElementException: no such element: Unable to locate element: {\"method\":\"css selector\",\"selector\":\"#qa\\-HOME_NOTE_WIDGET_CREATE_NOTE\"}\n  (Session info: chrome=97.0.4692.99)\nFor documentation on this error, please visit: https://selenium.dev/exceptions/#no_such_element\nBuild info: version: '4.0.0', revision: '3a21814679'\nSystem info: host: 'DESKTOP-IUB4VKC', ip: '192.168.10.125', os.name: 'Windows 10', os.arch: 'amd64', os.version: '10.0', java.version: '15.0.1'\nDriver info: org.openqa.selenium.chrome.ChromeDriver\nCommand: [1b380426364d463312578258ca82e466, findElement {using=id, value=qa-HOME_NOTE_WIDGET_CREATE_NOTE}]\nCapabilities {acceptInsecureCerts: false, browserName: chrome, browserVersion: 97.0.4692.99, chrome: {chromedriverVersion: 97.0.4692.71 (adefa7837d02a..., userDataDir: C:\\Users\\PrathushaP\\AppData...}, goog:chromeOptions: {debuggerAddress: localhost:50699}, javascriptEnabled: true, networkConnectionEnabled: false, pageLoadStrategy: normal, platform: WINDOWS, platformName: WINDOWS, proxy: Proxy(), se:cdp: ws://localhost:50699/devtoo..., se:cdpVersion: 97.0.4692.99, setWindowRect: true, strictFileInteractability: false, timeouts: {implicit: 0, pageLoad: 300000, script: 30000}, unhandledPromptBehavior: dismiss and notify, webauthn:extension:credBlob: true, webauthn:extension:largeBlob: true, webauthn:virtualAuthenticators: true}\nSession ID: 1b380426364d463312578258ca82e466\r\n\tat java.base/jdk.internal.reflect.NativeConstructorAccessorImpl.newInstance0(Native Method)\r\n\tat java.base/jdk.internal.reflect.NativeConstructorAccessorImpl.newInstance(NativeConstructorAccessorImpl.java:64)\r\n\tat java.base/jdk.internal.reflect.DelegatingConstructorAccessorImpl.newInstance(DelegatingConstructorAccessorImpl.java:45)\r\n\tat java.base/java.lang.reflect.Constructor.newInstanceWithCaller(Constructor.java:500)\r\n\tat java.base/java.lang.reflect.Constructor.newInstance(Constructor.java:481)\r\n\tat org.openqa.selenium.remote.codec.w3c.W3CHttpResponseCodec.createException(W3CHttpResponseCodec.java:200)\r\n\tat org.openqa.selenium.remote.codec.w3c.W3CHttpResponseCodec.decode(W3CHttpResponseCodec.java:133)\r\n\tat org.openqa.selenium.remote.codec.w3c.W3CHttpResponseCodec.decode(W3CHttpResponseCodec.java:53)\r\n\tat org.openqa.selenium.remote.HttpCommandExecutor.execute(HttpCommandExecutor.java:184)\r\n\tat org.openqa.selenium.remote.service.DriverCommandExecutor.invokeExecute(DriverCommandExecutor.java:164)\r\n\tat org.openqa.selenium.remote.service.DriverCommandExecutor.execute(DriverCommandExecutor.java:139)\r\n\tat org.openqa.selenium.remote.RemoteWebDriver.execute(RemoteWebDriver.java:559)\r\n\tat org.openqa.selenium.remote.ElementLocation$ElementFinder$2.findElement(ElementLocation.java:162)\r\n\tat org.openqa.selenium.remote.ElementLocation.findElement(ElementLocation.java:60)\r\n\tat org.openqa.selenium.remote.RemoteWebDriver.findElement(RemoteWebDriver.java:383)\r\n\tat org.openqa.selenium.remote.RemoteWebDriver.findElement(RemoteWebDriver.java:375)\r\n\tat org.openqa.selenium.support.pagefactory.DefaultElementLocator.findElement(DefaultElementLocator.java:70)\r\n\tat org.openqa.selenium.support.pagefactory.internal.LocatingElementHandler.invoke(LocatingElementHandler.java:39)\r\n\tat com.sun.proxy.$Proxy23.click(Unknown Source)\r\n\tat pagefactory.HomePage.clickOnNewNoteOpen(HomePage.java:58)\r\n\tat stepdefs.LoginSteps.click_create_a_new_note(LoginSteps.java:81)\r\n\tat ✽.click create a new note(file:///C:/Users/PrathushaP/eclipse-workspace/Evernote-test/src/test/resources/Features/Evernote.feature:22)\r\n","duration":10055523100,"status":"failed"},"line":22,"name":"click create a new note","match":{"location":"stepdefs.LoginSteps.click_create_a_new_note()"},"keyword":"And "},{"result":{"duration":997000,"status":"skipped"},"line":23,"name":"write a title of the note","match":{"location":"stepdefs.LoginSteps.write_a_title_of_the_note()"},"keyword":"And "},{"result":{"status":"skipped"},"line":24,"name":"Write some text in the note","match":{"location":"stepdefs.LoginSteps.write_some_text_in_the_note()"},"keyword":"And "},{"result":{"status":"skipped"},"line":25,"name":"logout from the evernote","match":{"location":"stepdefs.LoginSteps.logout_from_the_evernote()"},"keyword":"Then "}],"tags":[{"name":"@LoginAndCreateNoteFollowedByLogout"}]},{"start_timestamp":"2022-01-31T00:39:18.938Z","before":[{"result":{"duration":1216692600,"status":"passed"},"match":{"location":"stepdefs.LoginSteps.setup()"}}],"line":28,"name":"login and verify the existing note and move it to trash","description":"","id":"evernote-app-login-functionality;login-and-verify-the-existing-note-and-move-it-to-trash","type":"scenario","keyword":"Scenario","steps":[{"result":{"duration":5195839600,"status":"passed"},"line":29,"name":"the user is on the login page","match":{"location":"stepdefs.LoginSteps.user_is_on_login_page()"},"keyword":"Given "},{"result":{"duration":583444800,"status":"passed"},"line":30,"name":"a user enters username and password","match":{"location":"stepdefs.LoginSteps.a_user_enters_username_and_password()"},"keyword":"When "},{"result":{"duration":7065406000,"status":"passed"},"line":31,"name":"clicks on the login button","match":{"location":"stepdefs.LoginSteps.clicks_on_the_login_button()"},"keyword":"And "},{"result":{"error_message":"org.openqa.selenium.NoSuchElementException: no such element: Unable to locate element: {\"method\":\"xpath\",\"selector\":\"//*[@id='qa-HOME_NOTE_WIDGET_NOTE_LIST_2|0_0|0_MB7DU3|13']/article[1]/div[1]\"}\n  (Session info: chrome=97.0.4692.99)\nFor documentation on this error, please visit: https://selenium.dev/exceptions/#no_such_element\nBuild info: version: '4.0.0', revision: '3a21814679'\nSystem info: host: 'DESKTOP-IUB4VKC', ip: '192.168.10.125', os.name: 'Windows 10', os.arch: 'amd64', os.version: '10.0', java.version: '15.0.1'\nDriver info: org.openqa.selenium.chrome.ChromeDriver\nCommand: [1a4a22f7e753dd3df5ac473ec955cafc, findElement {using=xpath, value=//*[@id='qa-HOME_NOTE_WIDGET_NOTE_LIST_2|0_0|0_MB7DU3|13']/article[1]/div[1]}]\nCapabilities {acceptInsecureCerts: false, browserName: chrome, browserVersion: 97.0.4692.99, chrome: {chromedriverVersion: 97.0.4692.71 (adefa7837d02a..., userDataDir: C:\\Users\\PrathushaP\\AppData...}, goog:chromeOptions: {debuggerAddress: localhost:50753}, javascriptEnabled: true, networkConnectionEnabled: false, pageLoadStrategy: normal, platform: WINDOWS, platformName: WINDOWS, proxy: Proxy(), se:cdp: ws://localhost:50753/devtoo..., se:cdpVersion: 97.0.4692.99, setWindowRect: true, strictFileInteractability: false, timeouts: {implicit: 0, pageLoad: 300000, script: 30000}, unhandledPromptBehavior: dismiss and notify, webauthn:extension:credBlob: true, webauthn:extension:largeBlob: true, webauthn:virtualAuthenticators: true}\nSession ID: 1a4a22f7e753dd3df5ac473ec955cafc\r\n\tat java.base/jdk.internal.reflect.NativeConstructorAccessorImpl.newInstance0(Native Method)\r\n\tat java.base/jdk.internal.reflect.NativeConstructorAccessorImpl.newInstance(NativeConstructorAccessorImpl.java:64)\r\n\tat java.base/jdk.internal.reflect.DelegatingConstructorAccessorImpl.newInstance(DelegatingConstructorAccessorImpl.java:45)\r\n\tat java.base/java.lang.reflect.Constructor.newInstanceWithCaller(Constructor.java:500)\r\n\tat java.base/java.lang.reflect.Constructor.newInstance(Constructor.java:481)\r\n\tat org.openqa.selenium.remote.codec.w3c.W3CHttpResponseCodec.createException(W3CHttpResponseCodec.java:200)\r\n\tat org.openqa.selenium.remote.codec.w3c.W3CHttpResponseCodec.decode(W3CHttpResponseCodec.java:133)\r\n\tat org.openqa.selenium.remote.codec.w3c.W3CHttpResponseCodec.decode(W3CHttpResponseCodec.java:53)\r\n\tat org.openqa.selenium.remote.HttpCommandExecutor.execute(HttpCommandExecutor.java:184)\r\n\tat org.openqa.selenium.remote.service.DriverCommandExecutor.invokeExecute(DriverCommandExecutor.java:164)\r\n\tat org.openqa.selenium.remote.service.DriverCommandExecutor.execute(DriverCommandExecutor.java:139)\r\n\tat org.openqa.selenium.remote.RemoteWebDriver.execute(RemoteWebDriver.java:559)\r\n\tat org.openqa.selenium.remote.ElementLocation$ElementFinder$2.findElement(ElementLocation.java:162)\r\n\tat org.openqa.selenium.remote.ElementLocation.findElement(ElementLocation.java:60)\r\n\tat org.openqa.selenium.remote.RemoteWebDriver.findElement(RemoteWebDriver.java:383)\r\n\tat org.openqa.selenium.remote.RemoteWebDriver.findElement(RemoteWebDriver.java:375)\r\n\tat org.openqa.selenium.support.pagefactory.DefaultElementLocator.findElement(DefaultElementLocator.java:70)\r\n\tat org.openqa.selenium.support.pagefactory.internal.LocatingElementHandler.invoke(LocatingElementHandler.java:39)\r\n\tat com.sun.proxy.$Proxy23.click(Unknown Source)\r\n\tat pagefactory.HomePage.clickOnExistingNote(HomePage.java:81)\r\n\tat stepdefs.LoginSteps.clicks_on_note_created_in_previous_test_case(LoginSteps.java:108)\r\n\tat ✽.clicks on note created in previous test case(file:///C:/Users/PrathushaP/eclipse-workspace/Evernote-test/src/test/resources/Features/Evernote.feature:32)\r\n","duration":17049863100,"status":"failed"},"line":32,"name":"clicks on note created in previous test case","match":{"location":"stepdefs.LoginSteps.clicks_on_note_created_in_previous_test_case()"},"keyword":"And "},{"result":{"status":"skipped"},"line":33,"name":"verify the content of the note","match":{"location":"stepdefs.LoginSteps.verify_the_content_of_the_note()"},"keyword":"And "},{"result":{"status":"skipped"},"line":34,"name":"move the note to the trash bin","match":{"location":"stepdefs.LoginSteps.move_the_note_to_trash_bin()"},"keyword":"And "}],"tags":[{"name":"@LoginAndCheckAlreadyCreatedNoteAndMoveToTheTrash"}]}],"name":"Evernote app login functionality","description":"","id":"evernote-app-login-functionality","keyword":"Feature","uri":"file:src/test/resources/Features/Evernote.feature","tags":[]}]