<?xml version="1.0" encoding="UTF-8" standalone="no"?>
<testsuite errors="0" failures="0" name="io.cucumber.core.plugin.JUnitFormatter" skipped="0" tests="4" time="85.046">
    <testcase classname="Evernote app login functionality" name="check login is unsuccessful using an invalid email" time="10.586">
        <system-out><![CDATA[Given the user is on the login page.........................................passed
When a user enters the invalid email address................................passed
And user click the continue button..........................................passed
Then the user should get the notification that the email address is invalid.passed
]]></system-out>
    </testcase>
    <testcase classname="Evernote app login functionality" name="Check login is successful with valid credentials" time="16.03">
        <system-out><![CDATA[Given the user is on the login page.........................................passed
When a user enters username and password....................................passed
And clicks on the login button..............................................passed
Then verify login must be successful........................................passed
]]></system-out>
    </testcase>
    <testcase classname="Evernote app login functionality" name="login and create a note followed by a logout" time="32.611">
        <system-out><![CDATA[Given the user is on the login page.........................................passed
When a user enters username and password....................................passed
And clicks on the login button..............................................passed
And click create a new note.................................................passed
And write a title of the note...............................................passed
And Write some text in the note.............................................passed
Then logout from the evernote...............................................passed
]]></system-out>
    </testcase>
    <testcase classname="Evernote app login functionality" name="login and verify the existing note and move it to trash" time="25.635">
        <system-out><![CDATA[Given the user is on the login page.........................................passed
When a user enters username and password....................................passed
And clicks on the login button..............................................passed
And clicks on note created in previous test case............................passed
And verify the content of the note..........................................passed
And move the note to the trash bin..........................................passed
]]></system-out>
    </testcase>
</testsuite>
